This file contains any messages produced by compilers while
running configure, to aid debugging if configure makes a mistake.

It was created by LibHTP configure 0.5.18, which was
generated by GNU Autoconf 2.69.  Invocation command line was

  $ ./configure --disable-option-checking --prefix=/usr --enable-nfqueue --sysconfdir=/etc --localstatedir=/var --cache-file=/dev/null --srcdir=.

## --------- ##
## Platform. ##
## --------- ##

hostname = hardhost
uname -m = i686
uname -r = 3.16.0-4-686-pae
uname -s = Linux
uname -v = #1 SMP Debian 3.16.7-ckt11-1+deb8u5 (2015-10-09)

/usr/bin/uname -p = unknown
/bin/uname -X     = unknown

/bin/arch              = unknown
/usr/bin/arch -k       = unknown
/usr/convex/getsysinfo = unknown
/usr/bin/hostinfo      = unknown
/bin/machine           = unknown
/usr/bin/oslevel       = unknown
/bin/universe          = unknown

PATH: /usr/local/bin
PATH: /usr/bin
PATH: /bin
PATH: /usr/local/games
PATH: /usr/games
PATH: /home/hardrain/.rvm/bin


## ----------- ##
## Core tests. ##
## ----------- ##

configure:2402: checking for a BSD-compatible install
configure:2470: result: /usr/bin/install -c
configure:2481: checking whether build environment is sane
configure:2536: result: yes
configure:2687: checking for a thread-safe mkdir -p
configure:2726: result: /bin/mkdir -p
configure:2733: checking for gawk
configure:2749: found /usr/bin/gawk
configure:2760: result: gawk
configure:2771: checking whether make sets $(MAKE)
configure:2793: result: yes
configure:2822: checking whether make supports nested variables
configure:2839: result: yes
configure:3086: checking for gcc
configure:3102: found /usr/bin/gcc
configure:3113: result: gcc
configure:3342: checking for C compiler version
configure:3351: gcc --version >&5
gcc (Debian 4.9.2-10) 4.9.2
Copyright (C) 2014 Free Software Foundation, Inc.
This is free software; see the source for copying conditions.  There is NO
warranty; not even for MERCHANTABILITY or FITNESS FOR A PARTICULAR PURPOSE.

configure:3362: $? = 0
configure:3351: gcc -v >&5
Using built-in specs.
COLLECT_GCC=gcc
COLLECT_LTO_WRAPPER=/usr/lib/gcc/i586-linux-gnu/4.9/lto-wrapper
Target: i586-linux-gnu
Configured with: ../src/configure -v --with-pkgversion='Debian 4.9.2-10' --with-bugurl=file:///usr/share/doc/gcc-4.9/README.Bugs --enable-languages=c,c++,java,go,d,fortran,objc,obj-c++ --prefix=/usr --program-suffix=-4.9 --enable-shared --enable-linker-build-id --libexecdir=/usr/lib --without-included-gettext --enable-threads=posix --with-gxx-include-dir=/usr/include/c++/4.9 --libdir=/usr/lib --enable-nls --with-sysroot=/ --enable-clocale=gnu --enable-libstdcxx-debug --enable-libstdcxx-time=yes --enable-gnu-unique-object --disable-vtable-verify --enable-plugin --with-system-zlib --disable-browser-plugin --enable-java-awt=gtk --enable-gtk-cairo --with-java-home=/usr/lib/jvm/java-1.5.0-gcj-4.9-i386/jre --enable-java-home --with-jvm-root-dir=/usr/lib/jvm/java-1.5.0-gcj-4.9-i386 --with-jvm-jar-dir=/usr/lib/jvm-exports/java-1.5.0-gcj-4.9-i386 --with-arch-directory=i386 --with-ecj-jar=/usr/share/java/eclipse-ecj.jar --enable-objc-gc --enable-targets=all --enable-multiarch --with-arch-32=i586 --with-multilib-list=m32,m64,mx32 --enable-multilib --with-tune=generic --enable-checking=release --build=i586-linux-gnu --host=i586-linux-gnu --target=i586-linux-gnu
Thread model: posix
gcc version 4.9.2 (Debian 4.9.2-10) 
configure:3362: $? = 0
configure:3351: gcc -V >&5
gcc: error: unrecognized command line option '-V'
gcc: fatal error: no input files
compilation terminated.
configure:3362: $? = 4
configure:3351: gcc -qversion >&5
gcc: error: unrecognized command line option '-qversion'
gcc: fatal error: no input files
compilation terminated.
configure:3362: $? = 4
configure:3382: checking whether the C compiler works
configure:3404: gcc  -O2  -O2  conftest.c  >&5
configure:3408: $? = 0
configure:3456: result: yes
configure:3459: checking for C compiler default output file name
configure:3461: result: a.out
configure:3467: checking for suffix of executables
configure:3474: gcc -o conftest  -O2  -O2  conftest.c  >&5
configure:3478: $? = 0
configure:3500: result: 
configure:3522: checking whether we are cross compiling
configure:3530: gcc -o conftest  -O2  -O2  conftest.c  >&5
configure:3534: $? = 0
configure:3541: ./conftest
configure:3545: $? = 0
configure:3560: result: no
configure:3565: checking for suffix of object files
configure:3587: gcc -c  -O2  -O2 conftest.c >&5
configure:3591: $? = 0
configure:3612: result: o
configure:3616: checking whether we are using the GNU C compiler
configure:3635: gcc -c  -O2  -O2 conftest.c >&5
configure:3635: $? = 0
configure:3644: result: yes
configure:3653: checking whether gcc accepts -g
configure:3673: gcc -c -g  -O2 conftest.c >&5
configure:3673: $? = 0
configure:3714: result: yes
configure:3731: checking for gcc option to accept ISO C89
configure:3794: gcc  -c  -O2  -O2 conftest.c >&5
configure:3794: $? = 0
configure:3807: result: none needed
configure:3832: checking whether gcc understands -c and -o together
configure:3854: gcc -c conftest.c -o conftest2.o
configure:3857: $? = 0
configure:3854: gcc -c conftest.c -o conftest2.o
configure:3857: $? = 0
configure:3869: result: yes
configure:3897: checking for style of include used by make
configure:3925: result: GNU
configure:3951: checking dependency style of gcc
configure:4062: result: gcc3
configure:4136: checking for g++
configure:4152: found /usr/bin/g++
configure:4163: result: g++
configure:4190: checking for C++ compiler version
configure:4199: g++ --version >&5
g++ (Debian 4.9.2-10) 4.9.2
Copyright (C) 2014 Free Software Foundation, Inc.
This is free software; see the source for copying conditions.  There is NO
warranty; not even for MERCHANTABILITY or FITNESS FOR A PARTICULAR PURPOSE.

configure:4210: $? = 0
configure:4199: g++ -v >&5
Using built-in specs.
COLLECT_GCC=g++
COLLECT_LTO_WRAPPER=/usr/lib/gcc/i586-linux-gnu/4.9/lto-wrapper
Target: i586-linux-gnu
Configured with: ../src/configure -v --with-pkgversion='Debian 4.9.2-10' --with-bugurl=file:///usr/share/doc/gcc-4.9/README.Bugs --enable-languages=c,c++,java,go,d,fortran,objc,obj-c++ --prefix=/usr --program-suffix=-4.9 --enable-shared --enable-linker-build-id --libexecdir=/usr/lib --without-included-gettext --enable-threads=posix --with-gxx-include-dir=/usr/include/c++/4.9 --libdir=/usr/lib --enable-nls --with-sysroot=/ --enable-clocale=gnu --enable-libstdcxx-debug --enable-libstdcxx-time=yes --enable-gnu-unique-object --disable-vtable-verify --enable-plugin --with-system-zlib --disable-browser-plugin --enable-java-awt=gtk --enable-gtk-cairo --with-java-home=/usr/lib/jvm/java-1.5.0-gcj-4.9-i386/jre --enable-java-home --with-jvm-root-dir=/usr/lib/jvm/java-1.5.0-gcj-4.9-i386 --with-jvm-jar-dir=/usr/lib/jvm-exports/java-1.5.0-gcj-4.9-i386 --with-arch-directory=i386 --with-ecj-jar=/usr/share/java/eclipse-ecj.jar --enable-objc-gc --enable-targets=all --enable-multiarch --with-arch-32=i586 --with-multilib-list=m32,m64,mx32 --enable-multilib --with-tune=generic --enable-checking=release --build=i586-linux-gnu --host=i586-linux-gnu --target=i586-linux-gnu
Thread model: posix
gcc version 4.9.2 (Debian 4.9.2-10) 
configure:4210: $? = 0
configure:4199: g++ -V >&5
g++: error: unrecognized command line option '-V'
g++: fatal error: no input files
compilation terminated.
configure:4210: $? = 4
configure:4199: g++ -qversion >&5
g++: error: unrecognized command line option '-qversion'
g++: fatal error: no input files
compilation terminated.
configure:4210: $? = 4
configure:4214: checking whether we are using the GNU C++ compiler
configure:4233: g++ -c   -O2 conftest.cpp >&5
configure:4233: $? = 0
configure:4242: result: yes
configure:4251: checking whether g++ accepts -g
configure:4271: g++ -c -g  -O2 conftest.cpp >&5
configure:4271: $? = 0
configure:4312: result: yes
configure:4337: checking dependency style of g++
configure:4448: result: gcc3
configure:4492: checking build system type
configure:4506: result: i686-pc-linux-gnu
configure:4526: checking host system type
configure:4539: result: i686-pc-linux-gnu
configure:4580: checking how to print strings
configure:4607: result: printf
configure:4628: checking for a sed that does not truncate output
configure:4692: result: /bin/sed
configure:4710: checking for grep that handles long lines and -e
configure:4768: result: /bin/grep
configure:4773: checking for egrep
configure:4835: result: /bin/grep -E
configure:4840: checking for fgrep
configure:4902: result: /bin/grep -F
configure:4937: checking for ld used by gcc
configure:5004: result: /usr/bin/ld
configure:5011: checking if the linker (/usr/bin/ld) is GNU ld
configure:5026: result: yes
configure:5038: checking for BSD- or MS-compatible name lister (nm)
configure:5087: result: /usr/bin/nm -B
configure:5217: checking the name lister (/usr/bin/nm -B) interface
configure:5224: gcc -c  -O2  -O2 conftest.c >&5
configure:5227: /usr/bin/nm -B "conftest.o"
configure:5230: output
00000000 B some_variable
configure:5237: result: BSD nm
configure:5240: checking whether ln -s works
configure:5244: result: yes
configure:5252: checking the maximum length of command line arguments
configure:5383: result: 1572864
configure:5400: checking whether the shell understands some XSI constructs
configure:5410: result: yes
configure:5414: checking whether the shell understands "+="
configure:5420: result: yes
configure:5455: checking how to convert i686-pc-linux-gnu file names to i686-pc-linux-gnu format
configure:5495: result: func_convert_file_noop
configure:5502: checking how to convert i686-pc-linux-gnu file names to toolchain format
configure:5522: result: func_convert_file_noop
configure:5529: checking for /usr/bin/ld option to reload object files
configure:5536: result: -r
configure:5610: checking for objdump
configure:5626: found /usr/bin/objdump
configure:5637: result: objdump
configure:5669: checking how to recognize dependent libraries
configure:5867: result: pass_all
configure:5952: checking for dlltool
configure:5982: result: no
configure:6012: checking how to associate runtime and link libraries
configure:6039: result: printf %s\n
configure:6100: checking for ar
configure:6116: found /usr/bin/ar
configure:6127: result: ar
configure:6164: checking for archiver @FILE support
configure:6181: gcc -c  -O2  -O2 conftest.c >&5
configure:6181: $? = 0
configure:6184: ar cru libconftest.a @conftest.lst >&5
configure:6187: $? = 0
configure:6192: ar cru libconftest.a @conftest.lst >&5
ar: conftest.o: No such file or directory
configure:6195: $? = 1
configure:6207: result: @
configure:6265: checking for strip
configure:6281: found /usr/bin/strip
configure:6292: result: strip
configure:6364: checking for ranlib
configure:6380: found /usr/bin/ranlib
configure:6391: result: ranlib
configure:6493: checking command to parse /usr/bin/nm -B output from gcc object
configure:6613: gcc -c  -O2  -O2 conftest.c >&5
configure:6616: $? = 0
configure:6620: /usr/bin/nm -B conftest.o \| sed -n -e 's/^.*[ ]\([ABCDGIRSTW][ABCDGIRSTW]*\)[ ][ ]*\([_A-Za-z][_A-Za-z0-9]*\)$/\1 \2 \2/p' | sed '/ __gnu_lto/d' \> conftest.nm
configure:6623: $? = 0
configure:6689: gcc -o conftest  -O2  -O2  conftest.c conftstm.o >&5
configure:6692: $? = 0
configure:6730: result: ok
configure:6767: checking for sysroot
configure:6797: result: no
configure:7066: checking for mt
configure:7082: found /bin/mt
configure:7093: result: mt
configure:7116: checking if mt is a manifest tool
configure:7122: mt '-?'
configure:7130: result: no
configure:7772: checking how to run the C preprocessor
configure:7803: gcc -E  -O2 conftest.c
configure:7803: $? = 0
configure:7817: gcc -E  -O2 conftest.c
conftest.c:11:28: fatal error: ac_nonexistent.h: No such file or directory
 #include <ac_nonexistent.h>
                            ^
compilation terminated.
configure:7817: $? = 1
configure: failed program was:
| /* confdefs.h */
| #define PACKAGE_NAME "LibHTP"
| #define PACKAGE_TARNAME "libhtp"
| #define PACKAGE_VERSION "0.5.18"
| #define PACKAGE_STRING "LibHTP 0.5.18"
| #define PACKAGE_BUGREPORT ""
| #define PACKAGE_URL ""
| #define PACKAGE "libhtp"
| #define VERSION "0.5.18"
| /* end confdefs.h.  */
| #include <ac_nonexistent.h>
configure:7842: result: gcc -E
configure:7862: gcc -E  -O2 conftest.c
configure:7862: $? = 0
configure:7876: gcc -E  -O2 conftest.c
conftest.c:11:28: fatal error: ac_nonexistent.h: No such file or directory
 #include <ac_nonexistent.h>
                            ^
compilation terminated.
configure:7876: $? = 1
configure: failed program was:
| /* confdefs.h */
| #define PACKAGE_NAME "LibHTP"
| #define PACKAGE_TARNAME "libhtp"
| #define PACKAGE_VERSION "0.5.18"
| #define PACKAGE_STRING "LibHTP 0.5.18"
| #define PACKAGE_BUGREPORT ""
| #define PACKAGE_URL ""
| #define PACKAGE "libhtp"
| #define VERSION "0.5.18"
| /* end confdefs.h.  */
| #include <ac_nonexistent.h>
configure:7905: checking for ANSI C header files
configure:7925: gcc -c  -O2  -O2 conftest.c >&5
configure:7925: $? = 0
configure:7998: gcc -o conftest  -O2  -O2  conftest.c  >&5
configure:7998: $? = 0
configure:7998: ./conftest
configure:7998: $? = 0
configure:8009: result: yes
configure:8022: checking for sys/types.h
configure:8022: gcc -c  -O2  -O2 conftest.c >&5
configure:8022: $? = 0
configure:8022: result: yes
configure:8022: checking for sys/stat.h
configure:8022: gcc -c  -O2  -O2 conftest.c >&5
configure:8022: $? = 0
configure:8022: result: yes
configure:8022: checking for stdlib.h
configure:8022: gcc -c  -O2  -O2 conftest.c >&5
configure:8022: $? = 0
configure:8022: result: yes
configure:8022: checking for string.h
configure:8022: gcc -c  -O2  -O2 conftest.c >&5
configure:8022: $? = 0
configure:8022: result: yes
configure:8022: checking for memory.h
configure:8022: gcc -c  -O2  -O2 conftest.c >&5
configure:8022: $? = 0
configure:8022: result: yes
configure:8022: checking for strings.h
configure:8022: gcc -c  -O2  -O2 conftest.c >&5
configure:8022: $? = 0
configure:8022: result: yes
configure:8022: checking for inttypes.h
configure:8022: gcc -c  -O2  -O2 conftest.c >&5
configure:8022: $? = 0
configure:8022: result: yes
configure:8022: checking for stdint.h
configure:8022: gcc -c  -O2  -O2 conftest.c >&5
configure:8022: $? = 0
configure:8022: result: yes
configure:8022: checking for unistd.h
configure:8022: gcc -c  -O2  -O2 conftest.c >&5
configure:8022: $? = 0
configure:8022: result: yes
configure:8036: checking for dlfcn.h
configure:8036: gcc -c  -O2  -O2 conftest.c >&5
configure:8036: $? = 0
configure:8036: result: yes
configure:8253: checking for objdir
configure:8268: result: .libs
configure:8539: checking if gcc supports -fno-rtti -fno-exceptions
configure:8557: gcc -c  -O2  -O2 -fno-rtti -fno-exceptions conftest.c >&5
cc1: warning: command line option '-fno-rtti' is valid for C++/ObjC++ but not for C
configure:8561: $? = 0
configure:8574: result: no
configure:8901: checking for gcc option to produce PIC
configure:8908: result: -fPIC -DPIC
configure:8916: checking if gcc PIC flag -fPIC -DPIC works
configure:8934: gcc -c  -O2  -O2 -fPIC -DPIC -DPIC conftest.c >&5
configure:8938: $? = 0
configure:8951: result: yes
configure:8980: checking if gcc static flag -static works
configure:9008: result: yes
configure:9023: checking if gcc supports -c -o file.o
configure:9044: gcc -c  -O2  -O2 -o out/conftest2.o conftest.c >&5
configure:9048: $? = 0
configure:9070: result: yes
configure:9078: checking if gcc supports -c -o file.o
configure:9125: result: yes
configure:9158: checking whether the gcc linker (/usr/bin/ld) supports shared libraries
configure:10315: result: yes
configure:10352: checking whether -lc should be explicitly linked in
configure:10360: gcc -c  -O2  -O2 conftest.c >&5
configure:10363: $? = 0
configure:10378: gcc -shared  -fPIC -DPIC conftest.o  -v -Wl,-soname -Wl,conftest -o conftest 2\>\&1 \| /bin/grep  -lc  \>/dev/null 2\>\&1
configure:10381: $? = 0
configure:10395: result: no
configure:10555: checking dynamic linker characteristics
configure:11055: gcc -o conftest  -O2  -O2  -Wl,-rpath -Wl,/foo conftest.c  >&5
configure:11055: $? = 0
configure:11289: result: GNU/Linux ld.so
configure:11396: checking how to hardcode library paths into programs
configure:11421: result: immediate
configure:11961: checking whether stripping libraries is possible
configure:11966: result: yes
configure:12001: checking if libtool supports shared libraries
configure:12003: result: yes
configure:12006: checking whether to build shared libraries
configure:12027: result: yes
configure:12030: checking whether to build static libraries
configure:12034: result: yes
configure:12057: checking how to run the C++ preprocessor
configure:12084: g++ -E  -O2 conftest.cpp
configure:12084: $? = 0
configure:12098: g++ -E  -O2 conftest.cpp
conftest.cpp:23:28: fatal error: ac_nonexistent.h: No such file or directory
 #include <ac_nonexistent.h>
                            ^
compilation terminated.
configure:12098: $? = 1
configure: failed program was:
| /* confdefs.h */
| #define PACKAGE_NAME "LibHTP"
| #define PACKAGE_TARNAME "libhtp"
| #define PACKAGE_VERSION "0.5.18"
| #define PACKAGE_STRING "LibHTP 0.5.18"
| #define PACKAGE_BUGREPORT ""
| #define PACKAGE_URL ""
| #define PACKAGE "libhtp"
| #define VERSION "0.5.18"
| #define STDC_HEADERS 1
| #define HAVE_SYS_TYPES_H 1
| #define HAVE_SYS_STAT_H 1
| #define HAVE_STDLIB_H 1
| #define HAVE_STRING_H 1
| #define HAVE_MEMORY_H 1
| #define HAVE_STRINGS_H 1
| #define HAVE_INTTYPES_H 1
| #define HAVE_STDINT_H 1
| #define HAVE_UNISTD_H 1
| #define HAVE_DLFCN_H 1
| #define LT_OBJDIR ".libs/"
| /* end confdefs.h.  */
| #include <ac_nonexistent.h>
configure:12123: result: g++ -E
configure:12143: g++ -E  -O2 conftest.cpp
configure:12143: $? = 0
configure:12157: g++ -E  -O2 conftest.cpp
conftest.cpp:23:28: fatal error: ac_nonexistent.h: No such file or directory
 #include <ac_nonexistent.h>
                            ^
compilation terminated.
configure:12157: $? = 1
configure: failed program was:
| /* confdefs.h */
| #define PACKAGE_NAME "LibHTP"
| #define PACKAGE_TARNAME "libhtp"
| #define PACKAGE_VERSION "0.5.18"
| #define PACKAGE_STRING "LibHTP 0.5.18"
| #define PACKAGE_BUGREPORT ""
| #define PACKAGE_URL ""
| #define PACKAGE "libhtp"
| #define VERSION "0.5.18"
| #define STDC_HEADERS 1
| #define HAVE_SYS_TYPES_H 1
| #define HAVE_SYS_STAT_H 1
| #define HAVE_STDLIB_H 1
| #define HAVE_STRING_H 1
| #define HAVE_MEMORY_H 1
| #define HAVE_STRINGS_H 1
| #define HAVE_INTTYPES_H 1
| #define HAVE_STDINT_H 1
| #define HAVE_UNISTD_H 1
| #define HAVE_DLFCN_H 1
| #define LT_OBJDIR ".libs/"
| /* end confdefs.h.  */
| #include <ac_nonexistent.h>
configure:12326: checking for ld used by g++
configure:12393: result: /usr/bin/ld
configure:12400: checking if the linker (/usr/bin/ld) is GNU ld
configure:12415: result: yes
configure:12470: checking whether the g++ linker (/usr/bin/ld) supports shared libraries
configure:13472: result: yes
configure:13508: g++ -c -g -O2  -O2 conftest.cpp >&5
configure:13511: $? = 0
configure:14031: checking for g++ option to produce PIC
configure:14038: result: -fPIC -DPIC
configure:14046: checking if g++ PIC flag -fPIC -DPIC works
configure:14064: g++ -c -g -O2  -O2 -fPIC -DPIC -DPIC conftest.cpp >&5
configure:14068: $? = 0
configure:14081: result: yes
configure:14104: checking if g++ static flag -static works
configure:14132: result: yes
configure:14144: checking if g++ supports -c -o file.o
configure:14165: g++ -c -g -O2  -O2 -o out/conftest2.o conftest.cpp >&5
configure:14169: $? = 0
configure:14191: result: yes
configure:14196: checking if g++ supports -c -o file.o
configure:14243: result: yes
configure:14273: checking whether the g++ linker (/usr/bin/ld) supports shared libraries
configure:14312: result: yes
configure:14453: checking dynamic linker characteristics
configure:15121: result: GNU/Linux ld.so
configure:15174: checking how to hardcode library paths into programs
configure:15199: result: immediate
configure:15260: checking whether build environment is sane
configure:15315: result: yes
configure:15332: checking for strlcpy
configure:15332: gcc -o conftest  -O2  -O2  conftest.c  >&5
/tmp/cclkKbPJ.o: In function `main':
conftest.c:(.text.startup+0x12): undefined reference to `strlcpy'
collect2: error: ld returned 1 exit status
configure:15332: $? = 1
configure: failed program was:
| /* confdefs.h */
| #define PACKAGE_NAME "LibHTP"
| #define PACKAGE_TARNAME "libhtp"
| #define PACKAGE_VERSION "0.5.18"
| #define PACKAGE_STRING "LibHTP 0.5.18"
| #define PACKAGE_BUGREPORT ""
| #define PACKAGE_URL ""
| #define PACKAGE "libhtp"
| #define VERSION "0.5.18"
| #define STDC_HEADERS 1
| #define HAVE_SYS_TYPES_H 1
| #define HAVE_SYS_STAT_H 1
| #define HAVE_STDLIB_H 1
| #define HAVE_STRING_H 1
| #define HAVE_MEMORY_H 1
| #define HAVE_STRINGS_H 1
| #define HAVE_INTTYPES_H 1
| #define HAVE_STDINT_H 1
| #define HAVE_UNISTD_H 1
| #define HAVE_DLFCN_H 1
| #define LT_OBJDIR ".libs/"
| /* end confdefs.h.  */
| /* Define strlcpy to an innocuous variant, in case <limits.h> declares strlcpy.
|    For example, HP-UX 11i <limits.h> declares gettimeofday.  */
| #define strlcpy innocuous_strlcpy
| 
| /* System header to define __stub macros and hopefully few prototypes,
|     which can conflict with char strlcpy (); below.
|     Prefer <limits.h> to <assert.h> if __STDC__ is defined, since
|     <limits.h> exists even on freestanding compilers.  */
| 
| #ifdef __STDC__
| # include <limits.h>
| #else
| # include <assert.h>
| #endif
| 
| #undef strlcpy
| 
| /* Override any GCC internal prototype to avoid an error.
|    Use char because int might match the return type of a GCC
|    builtin and then its argument prototype would still apply.  */
| #ifdef __cplusplus
| extern "C"
| #endif
| char strlcpy ();
| /* The GNU C library defines this for functions which it implements
|     to always fail with ENOSYS.  Some functions are actually named
|     something starting with __ and the normal name is an alias.  */
| #if defined __stub_strlcpy || defined __stub___strlcpy
| choke me
| #endif
| 
| int
| main ()
| {
| return strlcpy ();
|   ;
|   return 0;
| }
configure:15332: result: no
configure:15332: checking for strlcat
configure:15332: gcc -o conftest  -O2  -O2  conftest.c  >&5
/tmp/ccljGkEQ.o: In function `main':
conftest.c:(.text.startup+0x12): undefined reference to `strlcat'
collect2: error: ld returned 1 exit status
configure:15332: $? = 1
configure: failed program was:
| /* confdefs.h */
| #define PACKAGE_NAME "LibHTP"
| #define PACKAGE_TARNAME "libhtp"
| #define PACKAGE_VERSION "0.5.18"
| #define PACKAGE_STRING "LibHTP 0.5.18"
| #define PACKAGE_BUGREPORT ""
| #define PACKAGE_URL ""
| #define PACKAGE "libhtp"
| #define VERSION "0.5.18"
| #define STDC_HEADERS 1
| #define HAVE_SYS_TYPES_H 1
| #define HAVE_SYS_STAT_H 1
| #define HAVE_STDLIB_H 1
| #define HAVE_STRING_H 1
| #define HAVE_MEMORY_H 1
| #define HAVE_STRINGS_H 1
| #define HAVE_INTTYPES_H 1
| #define HAVE_STDINT_H 1
| #define HAVE_UNISTD_H 1
| #define HAVE_DLFCN_H 1
| #define LT_OBJDIR ".libs/"
| /* end confdefs.h.  */
| /* Define strlcat to an innocuous variant, in case <limits.h> declares strlcat.
|    For example, HP-UX 11i <limits.h> declares gettimeofday.  */
| #define strlcat innocuous_strlcat
| 
| /* System header to define __stub macros and hopefully few prototypes,
|     which can conflict with char strlcat (); below.
|     Prefer <limits.h> to <assert.h> if __STDC__ is defined, since
|     <limits.h> exists even on freestanding compilers.  */
| 
| #ifdef __STDC__
| # include <limits.h>
| #else
| # include <assert.h>
| #endif
| 
| #undef strlcat
| 
| /* Override any GCC internal prototype to avoid an error.
|    Use char because int might match the return type of a GCC
|    builtin and then its argument prototype would still apply.  */
| #ifdef __cplusplus
| extern "C"
| #endif
| char strlcat ();
| /* The GNU C library defines this for functions which it implements
|     to always fail with ENOSYS.  Some functions are actually named
|     something starting with __ and the normal name is an alias.  */
| #if defined __stub_strlcat || defined __stub___strlcat
| choke me
| #endif
| 
| int
| main ()
| {
| return strlcat ();
|   ;
|   return 0;
| }
configure:15332: result: no
configure:15342: checking zlib.h usability
configure:15342: gcc -c  -O2  -O2 conftest.c >&5
configure:15342: $? = 0
configure:15342: result: yes
configure:15342: checking zlib.h presence
configure:15342: gcc -E  -O2 conftest.c
configure:15342: $? = 0
configure:15342: result: yes
configure:15342: checking for zlib.h
configure:15342: result: yes
configure:15351: checking for inflate in -lz
configure:15376: gcc -o conftest  -O2  -O2  conftest.c -lz   >&5
configure:15376: $? = 0
configure:15385: result: yes
configure:15406: checking OS
configure:15433: result: Linux
configure:15532: checking for ld used by GCC
configure:15596: result: /usr/bin/ld
configure:15603: checking if the linker (/usr/bin/ld) is GNU ld
configure:15616: result: yes
configure:15623: checking for shared library run path origin
configure:15636: result: done
configure:16214: checking for iconv
configure:16236: gcc -o conftest  -O2  -O2  conftest.c -lz  >&5
configure:16236: $? = 0
configure:16268: result: yes
configure:16271: checking for working iconv
configure:16366: gcc -o conftest  -O2  -O2  conftest.c -lz  >&5
configure:16366: $? = 0
configure:16366: ./conftest
configure:16366: $? = 0
configure:16378: result: yes
configure:16406: checking for iconv declaration
configure:16435: gcc -c  -O2  -O2 conftest.c >&5
configure:16435: $? = 0
configure:16446: result:
         extern size_t iconv (iconv_t cd, char * *inbuf, size_t *inbytesleft, char * *outbuf, size_t *outbytesleft);
configure:16458: checking for gcc support of -Wstrict-overflow=1
configure:16473: gcc -c  -O2 -Wstrict-overflow=1  -O2 conftest.c >&5
configure:16473: $? = 0
configure:16479: result: yes
configure:16486: checking for gcc support of stack smashing protection
configure:16501: gcc -c  -O2 -Wstrict-overflow=1 -fstack-protector  -O2 conftest.c >&5
configure:16501: $? = 0
configure:16507: result: yes
configure:16514: checking for gcc support of FORTIFY_SOURCE
configure:16529: gcc -c  -O2 -Wstrict-overflow=1 -fstack-protector -D_FORTIFY_SOURCE=2  -O2 conftest.c >&5
configure:16529: $? = 0
configure:16535: result: yes
configure:16541: checking for gcc support of -Wformat -Wformat-security
configure:16556: gcc -c  -O2 -Wstrict-overflow=1 -fstack-protector -D_FORTIFY_SOURCE=2 -Wformat -Wformat-security  -O2 conftest.c >&5
configure:16556: $? = 0
configure:16562: result: yes
configure:16585: checking for doxygen
configure:16603: found /usr/bin/doxygen
configure:16615: result: /usr/bin/doxygen
configure:16633: checking for lcov
configure:16664: result: no
configure:16788: checking that generated files are newer than configure
configure:16794: result: done
configure:16816: checking that generated files are newer than configure
configure:16822: result: done
configure:16829: creating ./config.status

## ---------------------- ##
## Running config.status. ##
## ---------------------- ##

This file was extended by LibHTP config.status 0.5.18, which was
generated by GNU Autoconf 2.69.  Invocation command line was

  CONFIG_FILES    = 
  CONFIG_HEADERS  = 
  CONFIG_LINKS    = 
  CONFIG_COMMANDS = 
  $ ./config.status 

on hardhost

config.status:1161: creating htp/htp_version.h
config.status:1161: creating Makefile
config.status:1161: creating htp.pc
config.status:1161: creating htp/Makefile
config.status:1161: creating test/Makefile
config.status:1161: creating docs/Makefile
config.status:1161: creating htp_config_auto_gen.h
config.status:1342: htp_config_auto_gen.h is unchanged
config.status:1390: executing depfiles commands
config.status:1390: executing libtool commands

## ---------------- ##
## Cache variables. ##
## ---------------- ##

ac_cv_build=i686-pc-linux-gnu
ac_cv_c_compiler_gnu=yes
ac_cv_cxx_compiler_gnu=yes
ac_cv_env_CCC_set=
ac_cv_env_CCC_value=
ac_cv_env_CC_set=
ac_cv_env_CC_value=
ac_cv_env_CFLAGS_set=
ac_cv_env_CFLAGS_value=
ac_cv_env_CPPFLAGS_set=
ac_cv_env_CPPFLAGS_value=
ac_cv_env_CPP_set=
ac_cv_env_CPP_value=
ac_cv_env_CXXCPP_set=
ac_cv_env_CXXCPP_value=
ac_cv_env_CXXFLAGS_set=
ac_cv_env_CXXFLAGS_value=
ac_cv_env_CXX_set=
ac_cv_env_CXX_value=
ac_cv_env_LDFLAGS_set=
ac_cv_env_LDFLAGS_value=
ac_cv_env_LIBS_set=
ac_cv_env_LIBS_value=
ac_cv_env_build_alias_set=
ac_cv_env_build_alias_value=
ac_cv_env_host_alias_set=
ac_cv_env_host_alias_value=
ac_cv_env_target_alias_set=
ac_cv_env_target_alias_value=
ac_cv_func_strlcat=no
ac_cv_func_strlcpy=no
ac_cv_header_dlfcn_h=yes
ac_cv_header_inttypes_h=yes
ac_cv_header_memory_h=yes
ac_cv_header_stdc=yes
ac_cv_header_stdint_h=yes
ac_cv_header_stdlib_h=yes
ac_cv_header_string_h=yes
ac_cv_header_strings_h=yes
ac_cv_header_sys_stat_h=yes
ac_cv_header_sys_types_h=yes
ac_cv_header_unistd_h=yes
ac_cv_header_zlib_h=yes
ac_cv_host=i686-pc-linux-gnu
ac_cv_lib_z_inflate=yes
ac_cv_objext=o
ac_cv_path_EGREP='/bin/grep -E'
ac_cv_path_FGREP='/bin/grep -F'
ac_cv_path_GREP=/bin/grep
ac_cv_path_LCOV=no
ac_cv_path_SED=/bin/sed
ac_cv_path_doxygen=/usr/bin/doxygen
ac_cv_path_install='/usr/bin/install -c'
ac_cv_path_mkdir=/bin/mkdir
ac_cv_prog_AWK=gawk
ac_cv_prog_CPP='gcc -E'
ac_cv_prog_CXXCPP='g++ -E'
ac_cv_prog_ac_ct_AR=ar
ac_cv_prog_ac_ct_CC=gcc
ac_cv_prog_ac_ct_CXX=g++
ac_cv_prog_ac_ct_MANIFEST_TOOL=mt
ac_cv_prog_ac_ct_OBJDUMP=objdump
ac_cv_prog_ac_ct_RANLIB=ranlib
ac_cv_prog_ac_ct_STRIP=strip
ac_cv_prog_cc_c89=
ac_cv_prog_cc_g=yes
ac_cv_prog_cxx_g=yes
ac_cv_prog_make_make_set=yes
acl_cv_path_LD=/usr/bin/ld
acl_cv_prog_gnu_ld=yes
acl_cv_rpath=done
am_cv_CC_dependencies_compiler_type=gcc3
am_cv_CXX_dependencies_compiler_type=gcc3
am_cv_func_iconv=yes
am_cv_func_iconv_works=yes
am_cv_lib_iconv=no
am_cv_make_support_nested_variables=yes
am_cv_prog_cc_c_o=yes
am_cv_proto_iconv='extern size_t iconv (iconv_t cd, char * *inbuf, size_t *inbytesleft, char * *outbuf, size_t *outbytesleft);'
am_cv_proto_iconv_arg1=
lt_cv_ar_at_file=@
lt_cv_archive_cmds_need_lc=no
lt_cv_deplibs_check_method=pass_all
lt_cv_file_magic_cmd='$MAGIC_CMD'
lt_cv_file_magic_test_file=
lt_cv_ld_reload_flag=-r
lt_cv_nm_interface='BSD nm'
lt_cv_objdir=.libs
lt_cv_path_LD=/usr/bin/ld
lt_cv_path_LDCXX=/usr/bin/ld
lt_cv_path_NM='/usr/bin/nm -B'
lt_cv_path_mainfest_tool=no
lt_cv_prog_compiler_c_o=yes
lt_cv_prog_compiler_c_o_CXX=yes
lt_cv_prog_compiler_pic='-fPIC -DPIC'
lt_cv_prog_compiler_pic_CXX='-fPIC -DPIC'
lt_cv_prog_compiler_pic_works=yes
lt_cv_prog_compiler_pic_works_CXX=yes
lt_cv_prog_compiler_rtti_exceptions=no
lt_cv_prog_compiler_static_works=yes
lt_cv_prog_compiler_static_works_CXX=yes
lt_cv_prog_gnu_ld=yes
lt_cv_prog_gnu_ldcxx=yes
lt_cv_sharedlib_from_linklib_cmd='printf %s\n'
lt_cv_shlibpath_overrides_runpath=no
lt_cv_sys_global_symbol_pipe='sed -n -e '\''s/^.*[	 ]\([ABCDGIRSTW][ABCDGIRSTW]*\)[	 ][	 ]*\([_A-Za-z][_A-Za-z0-9]*\)$/\1 \2 \2/p'\'' | sed '\''/ __gnu_lto/d'\'''
lt_cv_sys_global_symbol_to_c_name_address='sed -n -e '\''s/^: \([^ ]*\)[ ]*$/  {\"\1\", (void *) 0},/p'\'' -e '\''s/^[ABCDGIRSTW]* \([^ ]*\) \([^ ]*\)$/  {"\2", (void *) \&\2},/p'\'''
lt_cv_sys_global_symbol_to_c_name_address_lib_prefix='sed -n -e '\''s/^: \([^ ]*\)[ ]*$/  {\"\1\", (void *) 0},/p'\'' -e '\''s/^[ABCDGIRSTW]* \([^ ]*\) \(lib[^ ]*\)$/  {"\2", (void *) \&\2},/p'\'' -e '\''s/^[ABCDGIRSTW]* \([^ ]*\) \([^ ]*\)$/  {"lib\2", (void *) \&\2},/p'\'''
lt_cv_sys_global_symbol_to_cdecl='sed -n -e '\''s/^T .* \(.*\)$/extern int \1();/p'\'' -e '\''s/^[ABCDGIRSTW]* .* \(.*\)$/extern char \1;/p'\'''
lt_cv_sys_max_cmd_len=1572864
lt_cv_to_host_file_cmd=func_convert_file_noop
lt_cv_to_tool_file_cmd=func_convert_file_noop

## ----------------- ##
## Output variables. ##
## ----------------- ##

ACLOCAL='${SHELL} /home/hardrain/SuriDev/suricata/libhtp/missing aclocal-1.14'
AMDEPBACKSLASH='\'
AMDEP_FALSE='#'
AMDEP_TRUE=''
AMTAR='$${TAR-tar}'
AM_BACKSLASH='\'
AM_DEFAULT_V='$(AM_DEFAULT_VERBOSITY)'
AM_DEFAULT_VERBOSITY='1'
AM_V='$(V)'
AR='ar'
AUTOCONF='${SHELL} /home/hardrain/SuriDev/suricata/libhtp/missing autoconf'
AUTOHEADER='${SHELL} /home/hardrain/SuriDev/suricata/libhtp/missing autoheader'
AUTOMAKE='${SHELL} /home/hardrain/SuriDev/suricata/libhtp/missing automake-1.14'
AWK='gawk'
CC='gcc'
CCDEPMODE='depmode=gcc3'
CFLAGS=' -O2 -Wstrict-overflow=1 -fstack-protector -D_FORTIFY_SOURCE=2 -Wformat -Wformat-security'
CPP='gcc -E'
CPPFLAGS=' -O2'
CXX='g++'
CXXCPP='g++ -E'
CXXDEPMODE='depmode=gcc3'
CXXFLAGS='-g -O2'
CYGPATH_W='echo'
DEFS='-DHAVE_CONFIG_H'
DEPDIR='.deps'
DLLTOOL='false'
DOXYGEN='/usr/bin/doxygen'
DSYMUTIL=''
DUMPBIN=''
ECHO_C=''
ECHO_N='-n'
ECHO_T=''
EGREP='/bin/grep -E'
EXEEXT=''
FGREP='/bin/grep -F'
GENERIC_API_VERSION='1.0'
GENERIC_LIBRARY_NAME='htp'
GENERIC_LIBRARY_VERSION='1:0:0'
GENERIC_RELEASE='0.5.18'
GENERIC_VERSION='0.5.18'
GREP='/bin/grep'
INSTALL_DATA='${INSTALL} -m 644'
INSTALL_PROGRAM='${INSTALL}'
INSTALL_SCRIPT='${INSTALL}'
INSTALL_STRIP_PROGRAM='$(install_sh) -c -s'
LCOV='no'
LD='/usr/bin/ld'
LDFLAGS=''
LIBICONV=''
LIBOBJS=''
LIBS='-lz '
LIBTOOL='$(SHELL) $(top_builddir)/libtool'
LIPO=''
LN_S='ln -s'
LTLIBICONV=''
LTLIBOBJS=''
MAKEINFO='${SHELL} /home/hardrain/SuriDev/suricata/libhtp/missing makeinfo'
MANIFEST_TOOL=':'
MKDIR_P='/bin/mkdir -p'
NM='/usr/bin/nm -B'
NMEDIT=''
OBJDUMP='objdump'
OBJEXT='o'
OTOOL64=''
OTOOL=''
PACKAGE='htp'
PACKAGE_BUGREPORT=''
PACKAGE_NAME='LibHTP'
PACKAGE_STRING='LibHTP 0.5.18'
PACKAGE_TARNAME='libhtp'
PACKAGE_URL=''
PACKAGE_VERSION='0.5.18'
PATH_SEPARATOR=':'
RANLIB='ranlib'
SED='/bin/sed'
SET_MAKE=''
SHELL='/bin/bash'
STRIP='strip'
VERSION='0.5.18'
ac_ct_AR='ar'
ac_ct_CC='gcc'
ac_ct_CXX='g++'
ac_ct_DUMPBIN=''
am__EXEEXT_FALSE=''
am__EXEEXT_TRUE='#'
am__fastdepCC_FALSE='#'
am__fastdepCC_TRUE=''
am__fastdepCXX_FALSE='#'
am__fastdepCXX_TRUE=''
am__include='include'
am__isrc=''
am__leading_dot='.'
am__nodep='_no'
am__quote=''
am__tar='$${TAR-tar} chof - "$$tardir"'
am__untar='$${TAR-tar} xf -'
bindir='${exec_prefix}/bin'
build='i686-pc-linux-gnu'
build_alias=''
build_cpu='i686'
build_os='linux-gnu'
build_vendor='pc'
datadir='${datarootdir}'
datarootdir='${prefix}/share'
docdir='${datarootdir}/doc/${PACKAGE_TARNAME}'
doxygen='/usr/bin/doxygen'
dvidir='${docdir}'
exec_prefix='${prefix}'
host='i686-pc-linux-gnu'
host_alias=''
host_cpu='i686'
host_os='linux-gnu'
host_vendor='pc'
htmldir='${docdir}'
includedir='${prefix}/include'
infodir='${datarootdir}/info'
install_sh='${SHELL} /home/hardrain/SuriDev/suricata/libhtp/install-sh'
libdir='${exec_prefix}/lib'
libexecdir='${exec_prefix}/libexec'
localedir='${datarootdir}/locale'
localstatedir='/var'
mandir='${datarootdir}/man'
mkdir_p='$(MKDIR_P)'
oldincludedir='/usr/include'
pdfdir='${docdir}'
prefix='/usr'
program_transform_name='s,x,x,'
psdir='${docdir}'
sbindir='${exec_prefix}/sbin'
sharedstatedir='${prefix}/com'
sysconfdir='/etc'
target_alias=''

## ----------- ##
## confdefs.h. ##
## ----------- ##

/* confdefs.h */
#define PACKAGE_NAME "LibHTP"
#define PACKAGE_TARNAME "libhtp"
#define PACKAGE_VERSION "0.5.18"
#define PACKAGE_STRING "LibHTP 0.5.18"
#define PACKAGE_BUGREPORT ""
#define PACKAGE_URL ""
#define PACKAGE "libhtp"
#define VERSION "0.5.18"
#define STDC_HEADERS 1
#define HAVE_SYS_TYPES_H 1
#define HAVE_SYS_STAT_H 1
#define HAVE_STDLIB_H 1
#define HAVE_STRING_H 1
#define HAVE_MEMORY_H 1
#define HAVE_STRINGS_H 1
#define HAVE_INTTYPES_H 1
#define HAVE_STDINT_H 1
#define HAVE_UNISTD_H 1
#define HAVE_DLFCN_H 1
#define LT_OBJDIR ".libs/"
#define HAVE_LIBZ 1
#define HAVE_ICONV 1
#define ICONV_CONST 

configure: exit 0
